Running in restricted mode: hcprocess

Copyright (C) 1994-2021 Synopsys, Inc.
This Synopsys software and all associated documentation are proprietary to Synopsys, Inc.
and may only be used pursuant to the terms and conditions of a written license agreement
with Synopsys, Inc. All other use, reproduction, modification, or distribution of the
Synopsys software or the associated documentation is strictly prohibited.
Tool: ProtoCompiler(hcprocess)
Build: R-2020.12-SP1-1
Install: /usr/cadtool/csr5306/synopsys/protocomp/R-2020.12-SP1-1
OS: CentOS release 6.10 (Final)
Hostname: ws32
max virtual memory: unlimited (bytes)
max user processes: 1024
max stack size: 10485760 (bytes)


Database state : /home/m110/m110063541/synos/Lab1_PCflow/UC_LED_DEMO/|pp0






@N: CU477 |Initializing board system generation
@W: CU735 |HDIO bank 'FB1.A1' is used, but it does not support HSTDM on HAPS-100
@N: CU483 |Generating Board System
@N: CU633 |Generating board netlist...
@N: CU631 |Running board compiler...
 /usr/cadtool/csr5306/synopsys/protocomp/R-2020.12-SP1-1/bin/c_ver -I /usr/cadtool/csr5306/synopsys/protocomp/R-2020.12-SP1-1/lib  -I /usr/cadtool/csr5306/synopsys/protocomp/R-2020.12-SP1-1/lib/board  -I /home/m110/m110063541/synos/Lab1_PCflow/UC_LED_DEMO/pre_partition/pp0  -encrypt -board -ram -v2001 -autosm -fid2 -sharing on  -ui  -jobname board_compile -tsl SfkMQieq  -osyn /home/m110/m110063541/synos/Lab1_PCflow/UC_LED_DEMO/pre_partition/pp0/targetsystem.srs  /home/m110/m110063541/synos/Lab1_PCflow/UC_LED_DEMO/pre_partition/pp0/targetsystem.vb  -log /home/m110/m110063541/synos/Lab1_PCflow/UC_LED_DEMO/pre_partition/pp0/brdlog.srr 
@N| Assigning syn_chip_id 0 to FPGA FB1.uA.
@N| Assigning syn_chip_id 1 to FPGA FB1.uB.
@N| Assigning syn_chip_id 2 to FPGA FB1.uC.
@N| Assigning syn_chip_id 3 to FPGA FB1.uD.
@N| Using syn_chip_id 0 on FPGA FB1.uA.
@N| Using syn_chip_id 1 on FPGA FB1.uB.
@N| Using syn_chip_id 2 on FPGA FB1.uC.
@N| Using syn_chip_id 3 on FPGA FB1.uD.

Process took (Real Time elapsed 0h:00m:13s; CPU Time elapsed 0h:00m:12s; Memory used current: 825MB peak: 825MB)

exit status=0
