
Copyright (C) 1994-2021 Synopsys, Inc.
This Synopsys software and all associated documentation are proprietary to Synopsys, Inc.
and may only be used pursuant to the terms and conditions of a written license agreement
with Synopsys, Inc. All other use, reproduction, modification, or distribution of the
Synopsys software or the associated documentation is strictly prohibited.
Tool: HAPS (R) ProtoCompiler 100
Build: R-2020.12-SP1-1
Install: /usr/cadtool/csr5306/synopsys/protocomp/R-2020.12-SP1-1
OS: CentOS release 6.10 (Final)
Hostname: ws32
max virtual memory: unlimited (bytes)
max user processes: 1024
max stack size: 10485760 (bytes)


Database state : /home/m110/m110063541/synos/Lab1_PCflow/UC_LED_DEMO/|pa0
Synopsys Partitioner, Version map202012pcp4, Build 193R, Built Apr  8 2022 21:27:09, @4216327

##############################################################################
########################## TDM NON-QUALIFIED NETS ############################
##############################################################################
TDM Qualification type: all
Net  Reason  Source FPGA  Sink FPGA(s)  Sink Instance  Driver Instance  Source Clock  Dest Clock  Clock Group  Slack  
--------------------------------------------------------------------------------------------------------------------
====================================================================================================================
